<?xml version="1.0" encoding="UTF-8"?>
<!-- Generated by org.testng.reporters.JUnitReportReporter -->
<testsuite hostname="DESKTOP-75SMLH3" failures="0" tests="1" name="com.apiTest.bookTestApi" time="4.879" errors="0" timestamp="2022-10-07T19:45:27 IST" skipped="0">
  <testcase classname="com.apiTest.bookTestApi" name="listOfBooks" time="4.879"/>
  <system-out/>
</testsuite> <!-- com.apiTest.bookTestApi -->
